E:\COMP\PROJECT2\PROJECT2\DEBUG\MAIN.OBJ
E:\COMP\PROJECT2\PROJECT2\DEBUG\PLAYER.OBJ
E:\COMP\PROJECT2\PROJECT2\DEBUG\VC100.PDB
C:\USERS\POTATO\DOCUMENTS\COMP-PROJECTS\PROJECT2\PROJECT2\DEBUG\CONSTANTS.OBJ
C:\USERS\POTATO\DOCUMENTS\COMP-PROJECTS\PROJECT2\PROJECT2\DEBUG\PLAYER.OBJ
C:\USERS\POTATO\DOCUMENTS\COMP-PROJECTS\PROJECT2\PROJECT2\DEBUG\VC110.PDB
C:\USERS\POTATO\DOCUMENTS\COMP-PROJECTS\PROJECT2\PROJECT2\DEBUG\MAIN.OBJ
C:\USERS\POTATO\DOCUMENTS\COMP-PROJECTS\PROJECT2\PROJECT2\DEBUG\PLAYERLIST.OBJ
E:\COMP\PROJECT2\DEBUG\PROJECT2.ILK
E:\COMP\PROJECT2\DEBUG\PROJECT2.EXE
E:\COMP\PROJECT2\PROJECT2\DEBUG\PROJECT2.EXE.INTERMEDIATE.MANIFEST
E:\COMP\PROJECT2\DEBUG\PROJECT2.PDB
C:\Users\Potato\Documents\comp-projects\Project2\Project2\Debug\Project2.vcxprojResolveAssemblyReference.cache
C:\Users\Potato\Documents\comp-projects\Project2\Project2\Debug\constants.obj
C:\Users\Potato\Documents\comp-projects\Project2\Project2\Debug\main.obj
C:\Users\Potato\Documents\comp-projects\Project2\Project2\Debug\player.obj
C:\Users\Potato\Documents\comp-projects\Project2\Project2\Debug\playerlist.obj
C:\Users\Potato\Documents\comp-projects\Project2\Project2\Debug\cl.command.1.tlog
C:\Users\Potato\Documents\comp-projects\Project2\Project2\Debug\CL.read.1.tlog
C:\Users\Potato\Documents\comp-projects\Project2\Project2\Debug\CL.write.1.tlog
C:\Users\Potato\Documents\comp-projects\Project2\Project2\Debug\link-cvtres.read.1.tlog
C:\Users\Potato\Documents\comp-projects\Project2\Project2\Debug\link-cvtres.write.1.tlog
C:\Users\Potato\Documents\comp-projects\Project2\Project2\Debug\link-rc.read.1.tlog
C:\Users\Potato\Documents\comp-projects\Project2\Project2\Debug\link-rc.write.1.tlog
C:\Users\Potato\Documents\comp-projects\Project2\Project2\Debug\link.command.1.tlog
C:\Users\Potato\Documents\comp-projects\Project2\Project2\Debug\link.read.1.tlog
C:\Users\Potato\Documents\comp-projects\Project2\Project2\Debug\link.write.1.tlog
C:\Users\Potato\Documents\comp-projects\Project2\Project2\Debug\mt.command.1.tlog
C:\Users\Potato\Documents\comp-projects\Project2\Project2\Debug\mt.read.1.tlog
C:\Users\Potato\Documents\comp-projects\Project2\Project2\Debug\mt.write.1.tlog
C:\Users\Potato\Documents\comp-projects\Project2\Project2\Debug\Project2.write.1.tlog
C:\Users\Potato\Documents\comp-projects\Project2\Project2\Debug\Project2.exe.intermediate.manifest
C:\Users\Potato\Documents\comp-projects\Project2\Project2\Debug\vc100.idb
C:\Users\Potato\Documents\comp-projects\Project2\Project2\Debug\vc110.idb
C:\Users\Potato\Documents\comp-projects\Project2\Project2\Debug\vc100.pdb
C:\Users\Potato\Documents\comp-projects\Project2\Project2\Debug\vc110.pdb
C:\Users\Potato\Documents\comp-projects\Project2\Debug\Project2.pdb
